{
  "RSpec": {
    "coverage": {
      "/Users/iTurbo/Google Drive/1. Developer/2. Ironhack/Projects/bDay/bDay/spec/models/user_spec.rb": [
        1,
        null,
        0,
        0,
        null
      ],
      "/Users/iTurbo/Google Drive/1. Developer/2. Ironhack/Projects/bDay/bDay/spec/rails_helper.rb": [
        null,
        1,
        1,
        null,
        1,
        1,
        1,
        null,
        1,
        null,
        null,
        null,
        null,
        null,
        null,
        null,
        null,
        null,
        null,
        null,
        null,
        null,
        null,
        null,
        null,
        null,
        1,
        null,
        0,
        0,
        null,
        0,
        null,
        null,
        null,
        null,
        0,
        null,
        null,
        null,
        null,
        null,
        null,
        null,
        null,
        null,
        null,
        null,
        null,
        null,
        null,
        0,
        null,
        null,
        0,
        null,
        null,
        null
      ],
      "/Users/iTurbo/Google Drive/1. Developer/2. Ironhack/Projects/bDay/bDay/config/environment.rb": [
        null,
        1,
        null,
        null,
        1
      ],
      "/Users/iTurbo/Google Drive/1. Developer/2. Ironhack/Projects/bDay/bDay/config/application.rb": [
        1,
        null,
        1,
        null,
        null,
        null,
        1,
        null,
        1,
        1,
        null,
        null,
        null,
        null,
        null,
        null,
        null,
        null,
        null,
        null,
        null,
        null,
        null,
        1,
        null,
        null
      ],
      "/Users/iTurbo/Google Drive/1. Developer/2. Ironhack/Projects/bDay/bDay/config/boot.rb": [
        1,
        null,
        1
      ],
      "/Users/iTurbo/Google Drive/1. Developer/2. Ironhack/Projects/bDay/bDay/config/environments/test.rb": [
        1,
        null,
        null,
        null,
        null,
        null,
        null,
        1,
        null,
        null,
        null,
        null,
        1,
        null,
        null,
        1,
        1,
        null,
        null,
        1,
        1,
        null,
        null,
        1,
        null,
        null,
        1,
        null,
        null,
        null,
        null,
        1,
        null,
        null,
        1,
        null,
        null,
        1,
        null,
        null,
        null,
        null
      ],
      "/Users/iTurbo/Google Drive/1. Developer/2. Ironhack/Projects/bDay/bDay/config/initializers/assets.rb": [
        null,
        null,
        null,
        1,
        null,
        null,
        null,
        null,
        null,
        null,
        null
      ],
      "/Users/iTurbo/Google Drive/1. Developer/2. Ironhack/Projects/bDay/bDay/config/initializers/backtrace_silencers.rb": [
        null,
        null,
        null,
        null,
        null,
        null,
        null
      ],
      "/Users/iTurbo/Google Drive/1. Developer/2. Ironhack/Projects/bDay/bDay/config/initializers/cookies_serializer.rb": [
        null,
        null,
        1
      ],
      "/Users/iTurbo/Google Drive/1. Developer/2. Ironhack/Projects/bDay/bDay/config/initializers/devise.rb": [
        null,
        null,
        1,
        null,
        null,
        null,
        null,
        null,
        null,
        null,
        null,
        null,
        null,
        null,
        1,
        null,
        null,
        null,
        null,
        null,
        null,
        null,
        null,
        1,
        null,
        null,
        null,
        null,
        null,
        null,
        null,
        null,
        null,
        null,
        null,
        null,
        null,
        null,
        null,
        null,
        null,
        null,
        null,
        null,
        null,
        1,
        null,
        null,
        null,
        null,
        1,
        null,
        null,
        null,
        null,
        null,
        null,
        null,
        null,
        null,
        null,
        null,
        null,
        null,
        null,
        null,
        null,
        null,
        null,
        null,
        null,
        null,
        null,
        null,
        null,
        null,
        null,
        null,
        null,
        null,
        null,
        1,
        null,
        null,
        null,
        null,
        null,
        null,
        null,
        null,
        null,
        null,
        null,
        null,
        null,
        null,
        null,
        null,
        1,
        null,
        null,
        null,
        null,
        null,
        null,
        null,
        null,
        null,
        null,
        null,
        null,
        null,
        null,
        null,
        null,
        null,
        null,
        null,
        null,
        null,
        null,
        null,
        null,
        null,
        null,
        null,
        1,
        null,
        null,
        null,
        null,
        null,
        null,
        null,
        null,
        null,
        1,
        null,
        null,
        null,
        null,
        null,
        null,
        null,
        null,
        null,
        null,
        1,
        null,
        null,
        null,
        null,
        null,
        null,
        null,
        null,
        null,
        null,
        null,
        null,
        null,
        null,
        null,
        null,
        null,
        null,
        null,
        null,
        null,
        null,
        null,
        null,
        null,
        null,
        null,
        null,
        null,
        null,
        null,
        null,
        null,
        null,
        null,
        null,
        null,
        null,
        null,
        null,
        null,
        null,
        null,
        null,
        null,
        1,
        null,
        null,
        null,
        null,
        null,
        null,
        null,
        null,
        null,
        null,
        null,
        null,
        null,
        null,
        null,
        null,
        null,
        null,
        null,
        null,
        null,
        null,
        null,
        null,
        null,
        null,
        null,
        null,
        null,
        null,
        null,
        null,
        null,
        null,
        null,
        null,
        null,
        null,
        null,
        null,
        null,
        1,
        null,
        null,
        null,
        null,
        null,
        null,
        null,
        null,
        null,
        null,
        null,
        null,
        null,
        null,
        null,
        null,
        null,
        null,
        null,
        null,
        null,
        null,
        null,
        null,
        null,
        null,
        null,
        null,
        null
      ],
      "/Users/iTurbo/Google Drive/1. Developer/2. Ironhack/Projects/bDay/bDay/config/initializers/filter_parameter_logging.rb": [
        null,
        null,
        null,
        1
      ],
      "/Users/iTurbo/Google Drive/1. Developer/2. Ironhack/Projects/bDay/bDay/config/initializers/inflections.rb": [
        null,
        null,
        null,
        null,
        null,
        null,
        null,
        null,
        null,
        null,
        null,
        null,
        null,
        null,
        null,
        null
      ],
      "/Users/iTurbo/Google Drive/1. Developer/2. Ironhack/Projects/bDay/bDay/config/initializers/mime_types.rb": [
        null,
        null,
        null,
        null
      ],
      "/Users/iTurbo/Google Drive/1. Developer/2. Ironhack/Projects/bDay/bDay/config/initializers/session_store.rb": [
        null,
        null,
        1
      ],
      "/Users/iTurbo/Google Drive/1. Developer/2. Ironhack/Projects/bDay/bDay/config/initializers/wrap_parameters.rb": [
        null,
        null,
        null,
        null,
        null,
        null,
        1,
        1,
        null,
        null,
        null,
        null,
        null,
        null
      ],
      "/Users/iTurbo/Google Drive/1. Developer/2. Ironhack/Projects/bDay/bDay/spec/factories/users.rb": [
        1,
        1,
        null,
        null,
        null
      ],
      "/Users/iTurbo/Google Drive/1. Developer/2. Ironhack/Projects/bDay/bDay/config/routes.rb": [
        1,
        1,
        null,
        null,
        null,
        null,
        null,
        null,
        null,
        null,
        null,
        null,
        null,
        null,
        null,
        null,
        null,
        null,
        null,
        null,
        null,
        null,
        null,
        null,
        null,
        null,
        null,
        null,
        null,
        null,
        null,
        null,
        null,
        null,
        null,
        null,
        null,
        null,
        null,
        null,
        null,
        null,
        null,
        null,
        null,
        null,
        null,
        null,
        null,
        null,
        null,
        null,
        null,
        null,
        null,
        null,
        null
      ],
      "/Users/iTurbo/Google Drive/1. Developer/2. Ironhack/Projects/bDay/bDay/app/models/user.rb": [
        1,
        null,
        null,
        1,
        null,
        null
      ],
      "/Users/iTurbo/Google Drive/1. Developer/2. Ironhack/Projects/bDay/bDay/app/helpers/application_helper.rb": [
        1,
        null
      ],
      "/Users/iTurbo/Google Drive/1. Developer/2. Ironhack/Projects/bDay/bDay/spec/support/database_cleaner.rb": [
        1,
        null,
        1,
        0,
        null,
        1,
        0,
        null,
        1,
        0,
        null,
        1,
        0,
        null,
        1,
        0,
        null,
        null
      ]
    },
    "timestamp": 1456939753
  }
}
